+ TEMPPATH=powerpointviewertmp/
+ mkdir -p powerpointviewertmp/
+ cd powerpointviewertmp/
+ wget http://download.microsoft.com/download/E/6/7/E675FFFC-2A6D-4AB0-B3EB-27C9F8C8F696/PowerPointViewer.exe
--2015-05-28 23:58:39--  http://download.microsoft.com/download/E/6/7/E675FFFC-2A6D-4AB0-B3EB-27C9F8C8F696/PowerPointViewer.exe
Resolving download.microsoft.com (download.microsoft.com)... 72.246.43.42, 72.246.43.8, 2001:590:1:303::cc5d:2b1b, ...
Connecting to download.microsoft.com (download.microsoft.com)|72.246.43.42|:80... connected.
HTTP request sent, awaiting response... 200 OK
Length: 63210976 (60M) [application/octet-stream]
Saving to: ‘PowerPointViewer.exe’

     0K .......... .......... .......... .......... ..........  0%  367K 2m48s
    50K .......... .......... .......... .......... ..........  0% 1.33M 1m46s
   100K .......... .......... .......... .......... ..........  0%  268K 2m28s
   150K .......... .......... .......... .......... ..........  0% 2.23M 1m57s
   200K .......... .......... .......... .......... ..........  0%  219K 2m30s
   250K .......... .......... .......... .......... ..........  0% 1.44M 2m12s
   300K .......... .......... .......... .......... ..........  0% 1.51M 1m59s
   350K .......... .......... .......... .......... ..........  0% 1.37M 1m49s
   400K .......... .......... .......... .......... ..........  0% 1.81M 1m41s
   450K .......... .......... .......... .......... ..........  0%  210K 2m0s
   500K .......... .......... .......... .......... ..........  0% 1.43M 1m52s
   550K .......... .......... .......... .......... ..........  0% 1.96M 1m45s
   600K .......... .......... .......... .......... ..........  1% 1.16M 1m41s
   650K .......... .......... .......... .......... ..........  1% 1.01M 98s
   700K .......... .......... .......... .......... ..........  1%  262K 1m47s
   750K .......... .......... .......... .......... ..........  1% 2.02M 1m42s
   800K .......... .......... .......... .......... ..........  1% 1.52M 98s
   850K .......... .......... .......... .......... ..........  1%  433K 1m41s
   900K .......... .......... .......... .......... ..........  1% 1.16M 98s
   950K .......... .......... .......... .......... ..........  1% 1.85M 95s
  1000K .......... .......... .......... .......... ..........  1%  220K 1m43s
  1050K .......... .......... .......... .......... ..........  1% 1.36M 1m40s
  1100K .......... .......... .......... .......... ..........  1%  657K 1m40s
  1150K .......... .......... .......... .......... ..........  1% 1.33M 98s
  1200K .......... .......... .......... .......... ..........  2%  175K 1m47s
  1250K .......... .......... .......... .......... ..........  2% 2.15M 1m44s
  1300K .......... .......... .......... .......... ..........  2%  903K 1m43s
  1350K .......... .......... .......... .......... ..........  2% 1.25M 1m41s
  1400K .......... .......... .......... .......... ..........  2% 1.42M 99s
  1450K .......... .......... .......... .......... ..........  2%  212K 1m45s
  1500K .......... .......... .......... .......... ..........  2% 1.45M 1m43s
  1550K .......... .......... .......... .......... ..........  2%  790K 1m42s
  1600K .......... .......... .......... .......... ..........  2% 1.46M 1m40s
  1650K .......... .......... .......... .......... ..........  2%  254K 1m44s
  1700K .......... .......... .......... .......... ..........  2% 2.73M 1m41s
  1750K .......... .......... .......... .......... ..........  2%  563K 1m41s
  1800K .......... .......... .......... .......... ..........  2% 1.66M 99s
  1850K .......... .......... .......... .......... ..........  3% 2.04M 97s
  1900K .......... .......... .......... .......... ..........  3%  310K 1m40s
  1950K .......... .......... .......... .......... ..........  3% 1.02M 99s
  2000K .......... .......... .......... .......... ..........  3%  552K 99s
  2050K .......... .......... .......... .......... ..........  3% 1.90M 97s
  2100K .......... .......... .......... .......... ..........  3%  423K 98s
  2150K .......... .......... .......... .......... ..........  3% 2.32M 96s
  2200K .......... .......... .......... .......... ..........  3% 1.80M 95s
  2250K .......... .......... .......... .......... ..........  3%  650K 95s
  2300K .......... .......... .......... .......... ..........  3% 1.77M 93s
  2350K .......... .......... .......... .......... ..........  3% 2.08M 92s
  2400K .......... .......... .......... .......... ..........  3%  367K 93s
  2450K .......... .......... .......... .......... ..........  4% 2.29M 92s
  2500K .......... .......... .......... .......... ..........  4% 1.99M 90s
  2550K .......... .......... .......... .......... ..........  4%  556K 91s
  2600K .......... .......... .......... .......... ..........  4% 1.51M 90s
  2650K .......... .......... .......... .......... ..........  4%  351K 91s
  2700K .......... .......... .......... .......... ..........  4% 2.35M 90s
  2750K .......... .......... .......... .......... ..........  4% 2.43M 88s
  2800K .......... .......... .......... .......... ..........  4%  609K 88s
  2850K .......... .......... .......... .......... ..........  4% 1.97M 87s
  2900K .......... .......... .......... .......... ..........  4%  290K 89s
  2950K .......... .......... .......... .......... ..........  4% 1.91M 88s
  3000K .......... .......... .......... .......... ..........  4% 2.38M 87s
  3050K .......... .......... .......... .......... ..........  5%  536K 87s
  3100K .......... .......... .......... .......... ..........  5% 1.89M 86s
  3150K .......... .......... .......... .......... ..........  5%  287K 88s
  3200K .......... .......... .......... .......... ..........  5% 1.67M 87s
  3250K .......... .......... .......... .......... ..........  5% 2.27M 86s
  3300K .......... .......... .......... .......... ..........  5%  595K 86s
  3350K .......... .......... .......... .......... ..........  5% 1.56M 86s
  3400K .......... .......... .......... .......... ..........  5%  306K 87s
  3450K .......... .......... .......... .......... ..........  5% 2.14M 86s
  3500K .......... .......... .......... .......... ..........  5%  554K 86s
  3550K .......... .......... .......... .......... ..........  5% 1.45M 86s
  3600K .......... .......... .......... .......... ..........  5% 2.06M 85s
  3650K .......... .......... .......... .......... ..........  5%  174K 88s
  3700K .......... .......... .......... .......... ..........  6% 2.89M 87s
  3750K .......... .......... .......... .......... ..........  6% 2.08M 86s
  3800K .......... .......... .......... .......... ..........  6% 1.67M 85s
  3850K .......... .......... .......... .......... ..........  6% 3.44M 84s
  3900K .......... .......... .......... .......... ..........  6%  355K 85s
  3950K .......... .......... .......... .......... ..........  6% 1.72M 85s
  4000K .......... .......... .......... .......... ..........  6%  538K 85s
  4050K .......... .......... .......... .......... ..........  6% 2.12M 84s
  4100K .......... .......... .......... .......... ..........  6%  329K 85s
  4150K .......... .......... .......... .......... ..........  6% 1.65M 84s
  4200K .......... .......... .......... .......... ..........  6%  498K 85s
  4250K .......... .......... .......... .......... ..........  6% 1.60M 84s
  4300K .......... .......... .......... .......... ..........  7% 1.56M 83s
  4350K .......... .......... .......... .......... ..........  7%  277K 85s
  4400K .......... .......... .......... .......... ..........  7% 1.34M 84s
  4450K .......... .......... .......... .......... ..........  7%  466K 84s
  4500K .......... .......... .......... .......... ..........  7% 1.48M 84s
  4550K .......... .......... .......... .......... ..........  7%  275K 85s
  4600K .......... .......... .......... .......... ..........  7% 1.90M 84s
  4650K .......... .......... .......... .......... ..........  7% 1.75M 84s
  4700K .......... .......... .......... .......... ..........  7%  621K 84s
  4750K .......... .......... .......... .......... ..........  7% 1.42M 83s
  4800K .......... .......... .......... .......... ..........  7%  286K 84s
  4850K .......... .......... .......... .......... ..........  7% 1.69M 84s
  4900K .......... .......... .......... .......... ..........  8% 2.06M 83s
  4950K .......... .......... .......... .......... ..........  8%  670K 83s
  5000K .......... .......... .......... .......... ..........  8% 2.38M 82s
  5050K .......... .......... .......... .......... ..........  8%  319K 83s
  5100K .......... .......... .......... .......... ..........  8% 1.33M 83s
  5150K .......... .......... .......... .......... ..........  8% 1.91M 82s
  5200K .......... .......... .......... .......... ..........  8%  701K 82s
  5250K .......... .......... .......... .......... ..........  8% 2.26M 82s
  5300K .......... .......... .......... .......... ..........  8%  275K 83s
  5350K .......... .......... .......... .......... ..........  8% 1.96M 82s
  5400K .......... .......... .......... .......... ..........  8% 2.81M 81s
  5450K .......... .......... .......... .......... ..........  8%  637K 81s
  5500K .......... .......... .......... .......... ..........  8% 1.70M 81s
  5550K .......... .......... .......... .......... ..........  9%  272K 82s
  5600K .......... .......... .......... .......... ..........  9% 1.76M 81s
  5650K .......... .......... .......... .......... ..........  9%  430K 82s
  5700K .......... .......... .......... .......... ..........  9% 1.72M 81s
  5750K .......... .......... .......... .......... ..........  9% 1.46M 81s
  5800K .......... .......... .......... .......... ..........  9%  300K 82s
  5850K .......... .......... .......... .......... ..........  9% 1.74M 81s
  5900K .......... .......... .......... .......... ..........  9% 1.22M 81s
  5950K .......... .......... .......... .......... ..........  9%  144K 83s
  6000K .......... .......... .......... .......... ..........  9% 1022K 83s
  6050K .......... .......... .......... .......... ..........  9%  155K 85s
  6100K .......... .......... .......... .......... ..........  9% 1.01M 85s
  6150K .......... .......... .......... .......... .......... 10%  871K 85s
  6200K .......... .......... .......... .......... .......... 10%  260K 86s
  6250K .......... .......... .......... .......... .......... 10% 1.15M 85s
  6300K .......... .......... .......... .......... .......... 10%  181K 87s
  6350K .......... .......... .......... .......... .......... 10%  937K 87s
  6400K .......... .......... .......... .......... .......... 10%  306K 87s
  6450K .......... .......... .......... .......... .......... 10% 1.37M 87s
  6500K .......... .......... .......... .......... .......... 10% 1.41M 86s
  6550K .......... .......... .......... .......... .......... 10%  396K 87s
  6600K .......... .......... .......... .......... .......... 10% 1.58M 86s
  6650K .......... .......... .......... .......... .......... 10%  392K 86s
  6700K .......... .......... .......... .......... .......... 10% 1.30M 86s
  6750K .......... .......... .......... .......... .......... 11%  341K 87s
  6800K .......... .......... .......... .......... .......... 11% 1.22M 86s
  6850K .......... .......... .......... .......... .......... 11% 1.30M 86s
  6900K .......... .......... .......... .......... .......... 11%  239K 87s
  6950K .......... .......... .......... .......... .......... 11% 1.35M 86s
  7000K .......... .......... .......... .......... .......... 11%  239K 87s
  7050K .......... .......... .......... .......... .......... 11%  496K 87s
  7100K .......... .......... .......... .......... .......... 11%  150K 89s
  7150K .......... .......... .......... .......... .......... 11% 1.27M 89s
  7200K .......... .......... .......... .......... .......... 11%  291K 89s
  7250K .......... .......... .......... .......... .......... 11% 1.07M 89s
  7300K .......... .......... .......... .......... .......... 11% 1.05M 89s
  7350K .......... .......... .......... .......... .......... 11%  229K 90s
  7400K .......... .......... .......... .......... .......... 12% 1.92M 89s
  7450K .......... .......... .......... .......... .......... 12%  386K 89s
  7500K .......... .......... .......... .......... .......... 12% 1.22M 89s
  7550K .......... .......... .......... .......... .......... 12% 2.04M 88s
  7600K .......... .......... .......... .......... .......... 12%  369K 89s
  7650K .......... .......... .......... .......... .......... 12% 1.60M 88s
  7700K .......... .......... .......... .......... .......... 12%  311K 89s
  7750K .......... .......... .......... .......... .......... 12% 1.36M 88s
  7800K .......... .......... .......... .......... .......... 12%  332K 89s
  7850K .......... .......... .......... .......... .......... 12% 1.99M 88s
  7900K .......... .......... .......... .......... .......... 12%  218K 89s
  7950K .......... .......... .......... .......... .......... 12% 1.24M 89s
  8000K .......... .......... .......... .......... .......... 13% 1.72M 88s
  8050K .......... .......... .......... .......... .......... 13%  372K 89s
  8100K .......... .......... .......... .......... .......... 13% 1.35M 88s
  8150K .......... .......... .......... .......... .......... 13%  445K 88s
  8200K .......... .......... .......... .......... .......... 13% 2.04M 88s
  8250K .......... .......... .......... .......... .......... 13% 2.31M 87s
  8300K .......... .......... .......... .......... .......... 13%  287K 88s
  8350K .......... .......... .......... .......... .......... 13% 2.28M 87s
  8400K .......... .......... .......... .......... .......... 13%  741K 87s
  8450K .......... .......... .......... .......... .......... 13% 1.51M 87s
  8500K .......... .......... .......... .......... .......... 13%  284K 87s
  8550K .......... .......... .......... .......... .......... 13% 1.91M 87s
  8600K .......... .......... .......... .......... .......... 14% 2.11M 87s
  8650K .......... .......... .......... .......... .......... 14%  493K 87s
  8700K .......... .......... .......... .......... .......... 14% 1.90M 86s
  8750K .......... .......... .......... .......... .......... 14%  266K 87s
  8800K .......... .......... .......... .......... .......... 14% 1.34M 86s
  8850K .......... .......... .......... .......... .......... 14%  895K 86s
  8900K .......... .......... .......... .......... .......... 14% 1.48M 86s
  8950K .......... .......... .......... .......... .......... 14% 1.76M 85s
  9000K .......... .......... .......... .......... .......... 14%  227K 86s
  9050K .......... .......... .......... .......... .......... 14% 1.72M 86s
  9100K .......... .......... .......... .......... .......... 14%  621K 86s
  9150K .......... .......... .......... .......... .......... 14% 1.94M 85s
  9200K .......... .......... .......... .......... .......... 14% 2.12M 85s
  9250K .......... .......... .......... .......... .......... 15%  185K 86s
  9300K .......... .......... .......... .......... .......... 15% 1.35M 85s
  9350K .......... .......... .......... .......... .......... 15%  624K 85s
  9400K .......... .......... .......... .......... .......... 15% 1.43M 85s
  9450K .......... .......... .......... .......... .......... 15%  267K 86s
  9500K .......... .......... .......... .......... .......... 15% 1.25M 85s
  9550K .......... .......... .......... .......... .......... 15% 2.08M 85s
  9600K .......... .......... .......... .......... .......... 15%  368K 85s
  9650K .......... .......... .......... .......... .......... 15% 1.52M 85s
  9700K .......... .......... .......... .......... .......... 15%  384K 85s
  9750K .......... .......... .......... .......... .......... 15% 1.64M 84s
  9800K .......... .......... .......... .......... .......... 15%  297K 85s
  9850K .......... .......... .......... .......... .......... 16% 2.39M 84s
  9900K .......... .......... .......... .......... .......... 16% 1.76M 84s
  9950K .......... .......... .......... .......... .......... 16%  403K 84s
 10000K .......... .......... .......... .......... .......... 16% 1.74M 84s
 10050K .......... .......... .......... .......... .......... 16% 2.06M 84s
 10100K .......... .......... .......... .......... .......... 16%  270K 84s
 10150K .......... .......... .......... .......... .......... 16% 1.31M 84s
 10200K .......... .......... .......... .......... .......... 16%  422K 84s
 10250K .......... .......... .......... .......... .......... 16% 1.27M 83s
 10300K .......... .......... .......... .......... .......... 16% 2.32M 83s
 10350K .......... .......... .......... .......... .......... 16%  312K 83s
 10400K .......... .......... .......... .......... .......... 16% 1.35M 83s
 10450K .......... .......... .......... .......... .......... 17%  336K 83s
 10500K .......... .......... .......... .......... .......... 17% 1.12M 83s
 10550K .......... .......... .......... .......... .......... 17%  256K 84s
 10600K .......... .......... .......... .......... .......... 17% 1.52M 83s
 10650K .......... .......... .......... .......... .......... 17% 1.14M 83s
 10700K .......... .......... .......... .......... .......... 17%  270K 83s
 10750K .......... .......... .......... .......... .......... 17% 1.64M 83s
 10800K .......... .......... .......... .......... .......... 17%  437K 83s
 10850K .......... .......... .......... .......... .......... 17% 1.66M 83s
 10900K .......... .......... .......... .......... .......... 17% 2.14M 82s
 10950K .......... .......... .......... .......... .......... 17%  319K 83s
 11000K .......... .......... .......... .......... .......... 17% 1.62M 82s
 11050K .......... .......... .......... .......... .......... 17%  288K 83s
 11100K .......... .......... .......... .......... .......... 18%  904K 83s
 11150K .......... .......... .......... .......... .......... 18% 1.19M 82s
 11200K .......... .......... .......... .......... .......... 18%  222K 83s
 11250K .......... .......... .......... .......... .......... 18% 1.40M 83s
 11300K .......... .......... .......... .......... .......... 18% 1.41M 82s
 11350K .......... .......... .......... .......... .......... 18%  282K 83s
 11400K .......... .......... .......... .......... .......... 18% 1.23M 82s
 11450K .......... .......... .......... .......... .......... 18%  282K 83s
 11500K .......... .......... .......... .......... .......... 18% 1.57M 82s
 11550K .......... .......... .......... .......... .......... 18% 1.33M 82s
 11600K .......... .......... .......... .......... .......... 18%  441K 82s
 11650K .......... .......... .......... .......... .......... 18% 1.39M 82s
 11700K .......... .......... .......... .......... .......... 19%  228K 82s
 11750K .......... .......... .......... .......... .......... 19% 1.22M 82s
 11800K .......... .......... .......... .......... .......... 19% 1.77M 82s
 11850K .......... .......... .......... .......... .......... 19%  828K 82s
 11900K .......... .......... .......... .......... .......... 19% 1.69M 81s
 11950K .......... .......... .......... .......... .......... 19%  220K 82s
 12000K .......... .......... .......... .......... .......... 19% 1.36M 82s
 12050K .......... .......... .......... .......... .......... 19%  582K 81s
 12100K .......... .......... .......... .......... .......... 19% 1.63M 81s
 12150K .......... .......... .......... .......... .......... 19%  212K 82s
 12200K .......... .......... .......... .......... .......... 19% 1.38M 81s
 12250K .......... .......... .......... .......... .......... 19% 1.63M 81s
 12300K .......... .......... .......... .......... .......... 20%  360K 81s
 12350K .......... .......... .......... .......... .......... 20% 1.34M 81s
 12400K .......... .......... .......... .......... .......... 20%  244K 81s
 12450K .......... .......... .......... .......... .......... 20% 1.53M 81s
 12500K .......... .......... .......... .......... .......... 20%  340K 81s
 12550K .......... .......... .......... .......... .......... 20% 1.23M 81s
 12600K .......... .......... .......... .......... .......... 20% 1.20M 81s
 12650K .......... .......... .......... .......... .......... 20%  251K 81s
 12700K .......... .......... .......... .......... .......... 20% 1.36M 81s
 12750K .......... .......... .......... .......... .......... 20%  271K 81s
 12800K .......... .......... .......... .......... .......... 20% 1.12M 81s
 12850K .......... .......... .......... .......... .......... 20% 1.67M 81s
 12900K .......... .......... .......... .......... .......... 20%  349K 81s
 12950K .......... .......... .......... .......... .......... 21% 1.49M 81s
 13000K .......... .......... .......... .......... .......... 21%  263K 81s
 13050K .......... .......... .......... .......... .......... 21% 1.82M 81s
 13100K .......... .......... .......... .......... .......... 21%  416K 81s
 13150K .......... .......... .......... .......... .......... 21% 1.45M 80s
 13200K .......... .......... .......... .......... .......... 21% 1.47M 80s
 13250K .......... .......... .......... .......... .......... 21%  301K 80s
 13300K .......... .......... .......... .......... .......... 21% 1.64M 80s
 13350K .......... .......... .......... .......... .......... 21%  351K 80s
 13400K .......... .......... .......... .......... .......... 21% 1.29M 80s
 13450K .......... .......... .......... .......... .......... 21%  243K 80s
 13500K .......... .......... .......... .......... .......... 21% 1.60M 80s
 13550K .......... .......... .......... .......... .......... 22% 1.74M 80s
 13600K .......... .......... .......... .......... .......... 22%  173K 80s
 13650K .......... .......... .......... .......... .......... 22%  627K 80s
 13700K .......... .......... .......... .......... .......... 22%  175K 81s
 13750K .......... .......... .......... .......... .......... 22% 1.02M 81s
 13800K .......... .......... .......... .......... .......... 22%  986K 81s
 13850K .......... .......... .......... .......... .......... 22%  181K 81s
 13900K .......... .......... .......... .......... .......... 22% 1.76M 81s
 13950K .......... .......... .......... .......... .......... 22%  283K 81s
 14000K .......... .......... .......... .......... .......... 22% 1.50M 81s
 14050K .......... .......... .......... .......... .......... 22%  704K 81s
 14100K .......... .......... .......... .......... .......... 22%  186K 81s
 14150K .......... .......... .......... .......... .......... 23% 1.12M 81s
 14200K .......... .......... .......... .......... .......... 23%  488K 81s
 14250K .......... .......... .......... .......... .......... 23% 1.90M 81s
 14300K .......... .......... .......... .......... .......... 23%  142K 81s
 14350K .......... .......... .......... .......... .......... 23% 1.90M 81s
 14400K .......... .......... .......... .......... .......... 23% 1.79M 81s
 14450K .......... .......... .......... .......... .......... 23%  631K 81s
 14500K .......... .......... .......... .......... .......... 23% 1.65M 81s
 14550K .......... .......... .......... .......... .......... 23%  267K 81s
 14600K .......... .......... .......... .......... .......... 23% 1.45M 81s
 14650K .......... .......... .......... .......... .......... 23% 1.67M 80s
 14700K .......... .......... .......... .......... .......... 23%  719K 80s
 14750K .......... .......... .......... .......... .......... 23% 2.62M 80s
 14800K .......... .......... .......... .......... .......... 24%  298K 80s
 14850K .......... .......... .......... .......... .......... 24% 2.44M 80s
 14900K .......... .......... .......... .......... .......... 24%  431K 80s
 14950K .......... .......... .......... .......... .......... 24% 1.62M 79s
 15000K .......... .......... .......... .......... .......... 24% 2.68M 79s
 15050K .......... .......... .......... .......... .......... 24%  330K 79s
 15100K .......... .......... .......... .......... .......... 24% 1.63M 79s
 15150K .......... .......... .......... .......... .......... 24%  553K 79s
 15200K .......... .......... .......... .......... .......... 24% 2.42M 79s
 15250K .......... .......... .......... .......... .......... 24% 1.35M 78s
 15300K .......... .......... .......... .......... .......... 24%  290K 79s
 15350K .......... .......... .......... .......... .......... 24% 1.50M 78s
 15400K .......... .......... .......... .......... .......... 25% 1.38M 78s
 15450K .......... .......... .......... .......... .......... 25%  835K 78s
 15500K .......... .......... .......... .......... .......... 25% 1.49M 78s
 15550K .......... .......... .......... .......... .......... 25% 1.05M 78s
 15600K .......... .......... .......... .......... .......... 25%  259K 78s
 15650K .......... .......... .......... .......... .......... 25% 1.82M 78s
 15700K .......... .......... .......... .......... .......... 25% 1.44M 77s
 15750K .......... .......... .......... .......... .......... 25% 1.48M 77s
 15800K .......... .......... .......... .......... .......... 25% 2.08M 77s
 15850K .......... .......... .......... .......... .......... 25%  287K 77s
 15900K .......... .......... .......... .......... .......... 25% 3.03M 77s
 15950K .......... .......... .......... .......... .......... 25%  575K 77s
 16000K .......... .......... .......... .......... .......... 26% 1.42M 76s
 16050K .......... .......... .......... .......... .......... 26% 1.93M 76s
 16100K .......... .......... .......... .......... .......... 26%  261K 76s
 16150K .......... .......... .......... .......... .......... 26% 1.65M 76s
 16200K .......... .......... .......... .......... .......... 26% 1.03M 76s
 16250K .......... .......... .......... .......... .......... 26% 1.62M 76s
 16300K .......... .......... .......... .......... .......... 26%  235K 76s
 16350K .......... .......... .......... .......... .......... 26% 2.09M 76s
 16400K .......... .......... .......... .......... .......... 26% 1.73M 76s
 16450K .......... .......... .......... .......... .......... 26%  555K 75s
 16500K .......... .......... .......... .......... .......... 26% 1.63M 75s
 16550K .......... .......... .......... .......... .......... 26%  278K 75s
 16600K .......... .......... .......... .......... .......... 26% 2.06M 75s
 16650K .......... .......... .......... .......... .......... 27%  458K 75s
 16700K .......... .......... .......... .......... .......... 27% 1.33M 75s
 16750K .......... .......... .......... .......... .......... 27% 1.16M 75s
 16800K .......... .......... .......... .......... .......... 27%  356K 75s
 16850K .......... .......... .......... .......... .......... 27% 1.54M 75s
 16900K .......... .......... .......... .......... .......... 27%  256K 75s
 16950K .......... .......... .......... .......... .......... 27% 1.89M 75s
 17000K .......... .......... .......... .......... .......... 27%  246K 75s
 17050K .......... .......... .......... .......... .......... 27% 1.77M 75s
 17100K .......... .......... .......... .......... .......... 27% 1.70M 74s
 17150K .......... .......... .......... .......... .......... 27%  435K 74s
 17200K .......... .......... .......... .......... .......... 27% 1.97M 74s
 17250K .......... .......... .......... .......... .......... 28%  361K 74s
 17300K .......... .......... .......... .......... .......... 28% 1016K 74s
 17350K .......... .......... .......... .......... .......... 28%  245K 74s
 17400K .......... .......... .......... .......... .......... 28% 1.55M 74s
 17450K .......... .......... .......... .......... .......... 28% 1.78M 74s
 17500K .......... .......... .......... .......... .......... 28%  269K 74s
 17550K .......... .......... .......... .......... .......... 28% 1.51M 74s
 17600K .......... .......... .......... .......... .......... 28%  360K 74s
 17650K .......... .......... .......... .......... .......... 28% 1.66M 74s
 17700K .......... .......... .......... .......... .......... 28% 1.76M 73s
 17750K .......... .......... .......... .......... .......... 28%  390K 73s
 17800K .......... .......... .......... .......... .......... 28% 1022K 73s
 17850K .......... .......... .......... .......... .......... 28%  350K 73s
 17900K .......... .......... .......... .......... .......... 29% 1.79M 73s
 17950K .......... .......... .......... .......... .......... 29% 2.27M 73s
 18000K .......... .......... .......... .......... .......... 29%  372K 73s
 18050K .......... .......... .......... .......... .......... 29% 1.07M 73s
 18100K .......... .......... .......... .......... .......... 29%  392K 73s
 18150K .......... .......... .......... .......... .......... 29% 1.40M 73s
 18200K .......... .......... .......... .......... .......... 29% 1.35M 72s
 18250K .......... .......... .......... .......... .......... 29%  317K 72s
 18300K .......... .......... .......... .......... .......... 29% 1.29M 72s
 18350K .......... .......... .......... .......... .......... 29%  297K 72s
 18400K .......... .......... .......... .......... .......... 29% 1.75M 72s
 18450K .......... .......... .......... .......... .......... 29% 1.95M 72s
 18500K .......... .......... .......... .......... .......... 30%  311K 72s
 18550K .......... .......... .......... .......... .......... 30% 1.59M 72s
 18600K .......... .......... .......... .......... .......... 30%  391K 72s
 18650K .......... .......... .......... .......... .......... 30% 1.36M 72s
 18700K .......... .......... .......... .......... .......... 30% 1.33M 71s
 18750K .......... .......... .......... .......... .......... 30%  219K 72s
 18800K .......... .......... .......... .......... .......... 30% 1.78M 71s
 18850K .......... .......... .......... .......... .......... 30%  561K 71s
 18900K .......... .......... .......... .......... .......... 30% 2.14M 71s
 18950K .......... .......... .......... .......... .......... 30%  200K 71s
 19000K .......... .......... .......... .......... .......... 30% 1.09M 71s
 19050K .......... .......... .......... .......... .......... 30% 1.47M 71s
 19100K .......... .......... .......... .......... .......... 31% 1.62M 71s
 19150K .......... .......... .......... .......... .......... 31% 1.33M 71s
 19200K .......... .......... .......... .......... .......... 31% 1.68M 71s
 19250K .......... .......... .......... .......... .......... 31% 1.81M 70s
 19300K .......... .......... .......... .......... .......... 31%  184K 71s
 19350K .......... .......... .......... .......... .......... 31% 1.19M 70s
 19400K .......... .......... .......... .......... .......... 31% 1.48M 70s
 19450K .......... .......... .......... .......... .......... 31% 1.37M 70s
 19500K .......... .......... .......... .......... .......... 31%  178K 70s
 19550K .......... .......... .......... .......... .......... 31% 1.24M 70s
 19600K .......... .......... .......... .......... .......... 31% 1.41M 70s
 19650K .......... .......... .......... .......... .......... 31%  310K 70s
 19700K .......... .......... .......... .......... .......... 31% 2.08M 70s
 19750K .......... .......... .......... .......... .......... 32% 1.59M 70s
 19800K .......... .......... .......... .......... .......... 32%  350K 70s
 19850K .......... .......... .......... .......... .......... 32% 1.55M 70s
 19900K .......... .......... .......... .......... .......... 32% 1.23M 69s
 19950K .......... .......... .......... .......... .......... 32%  321K 70s
 20000K .......... .......... .......... .......... .......... 32% 1.57M 69s
 20050K .......... .......... .......... .......... .......... 32%  340K 69s
 20100K .......... .......... .......... .......... .......... 32% 1.13M 69s
 20150K .......... .......... .......... .......... .......... 32% 1.57M 69s
 20200K .......... .......... .......... .......... .......... 32%  278K 69s
 20250K .......... .......... .......... .......... .......... 32% 1.50M 69s
 20300K .......... .......... .......... .......... .......... 32%  384K 69s
 20350K .......... .......... .......... .......... .......... 33% 1.51M 69s
 20400K .......... .......... .......... .......... .......... 33% 1.35M 69s
 20450K .......... .......... .......... .......... .......... 33%  251K 69s
 20500K .......... .......... .......... .......... .......... 33% 1.09M 69s
 20550K .......... .......... .......... .......... .......... 33%  245K 69s
 20600K .......... .......... .......... .......... .......... 33% 1.50M 69s
 20650K .......... .......... .......... .......... .......... 33%  287K 69s
 20700K .......... .......... .......... .......... .......... 33% 1.28M 68s
 20750K .......... .......... .......... .......... .......... 33% 1.21M 68s
 20800K .......... .......... .......... .......... .......... 33%  246K 68s
 20850K .......... .......... .......... .......... .......... 33% 1.75M 68s
 20900K .......... .......... .......... .......... .......... 33%  227K 68s
 20950K .......... .......... .......... .......... .......... 34% 1.21M 68s
 21000K .......... .......... .......... .......... .......... 34%  309K 68s
 21050K .......... .......... .......... .......... .......... 34% 1.80M 68s
 21100K .......... .......... .......... .......... .......... 34%  199K 68s
 21150K .......... .......... .......... .......... .......... 34% 1.48M 68s
 21200K .......... .......... .......... .......... .......... 34% 1.38M 68s
 21250K .......... .......... .......... .......... .......... 34%  118K 69s
 21300K .......... .......... .......... .......... .......... 34%  966K 68s
 21350K .......... .......... .......... .......... .......... 34%  173K 69s
 21400K .......... .......... .......... .......... .......... 34%  543K 69s
 21450K .......... .......... .......... .......... .......... 34%  548K 69s
 21500K .......... .......... .......... .......... .......... 34%  201K 69s
 21550K .......... .......... .......... .......... .......... 34% 1004K 69s
 21600K .......... .......... .......... .......... .......... 35%  227K 69s
 21650K .......... .......... .......... .......... .......... 35%  716K 69s
 21700K .......... .......... .......... .......... .......... 35%  181K 69s
 21750K .......... .......... .......... .......... .......... 35%  909K 69s
 21800K .......... .......... .......... .......... .......... 35% 1.07M 69s
 21850K .......... .......... .......... .......... .......... 35%  273K 69s
 21900K .......... .......... .......... .......... .......... 35% 1.89M 69s
 21950K .......... .......... .......... .......... .......... 35% 1.32M 68s
 22000K .......... .......... .......... .......... .......... 35%  397K 68s
 22050K .......... .......... .......... .......... .......... 35% 1.64M 68s
 22100K .......... .......... .......... .......... .......... 35%  385K 68s
 22150K .......... .......... .......... .......... .......... 35% 1.88M 68s
 22200K .......... .......... .......... .......... .......... 36% 4.78M 68s
 22250K .......... .......... .......... .......... .......... 36%  320K 68s
 22300K .......... .......... .......... .......... .......... 36% 1.38M 68s
 22350K .......... .......... .......... .......... .......... 36%  412K 68s
 22400K .......... .......... .......... .......... .......... 36% 1.49M 67s
 22450K .......... .......... .......... .......... .......... 36% 2.19M 67s
 22500K .......... .......... .......... .......... .......... 36% 2.01M 67s
 22550K .......... .......... .......... .......... .......... 36%  351K 67s
 22600K .......... .......... .......... .......... .......... 36% 1.91M 67s
 22650K .......... .......... .......... .......... .......... 36% 1.98M 67s
 22700K .......... .......... .......... .......... .......... 36%  436K 67s
 22750K .......... .......... .......... .......... .......... 36% 1.90M 66s
 22800K .......... .......... .......... .......... .......... 37%  442K 66s
 22850K .......... .......... .......... .......... .......... 37% 2.28M 66s
 22900K .......... .......... .......... .......... .......... 37% 2.50M 66s
 22950K .......... .......... .......... .......... .......... 37%  339K 66s
 23000K .......... .......... .......... .......... .......... 37% 1.89M 66s
 23050K .......... .......... .......... .......... .......... 37%  374K 66s
 23100K .......... .......... .......... .......... .......... 37% 1.75M 66s
 23150K .......... .......... .......... .......... .......... 37% 1.82M 65s
 23200K .......... .......... .......... .......... .......... 37% 1.80M 65s
 23250K .......... .......... .......... .......... .......... 37%  305K 65s
 23300K .......... .......... .......... .......... .......... 37% 1.37M 65s
 23350K .......... .......... .......... .......... .......... 37%  830K 65s
 23400K .......... .......... .......... .......... .......... 37%  253K 65s
 23450K .......... .......... .......... .......... .......... 38% 1.80M 65s
 23500K .......... .......... .......... .......... .......... 38%  388K 65s
 23550K .......... .......... .......... .......... .......... 38% 1.72M 65s
 23600K .......... .......... .......... .......... .......... 38% 1.13M 65s
 23650K .......... .......... .......... .......... .......... 38%  450K 65s
 23700K .......... .......... .......... .......... .......... 38% 1.44M 64s
 23750K .......... .......... .......... .......... .......... 38%  275K 65s
 23800K .......... .......... .......... .......... .......... 38% 1.60M 64s
 23850K .......... .......... .......... .......... .......... 38%  553K 64s
 23900K .......... .......... .......... .......... .......... 38% 1.90M 64s
 23950K .......... .......... .......... .......... .......... 38% 1.63M 64s
 24000K .......... .......... .......... .......... .......... 38%  232K 64s
 24050K .......... .......... .......... .......... .......... 39% 1.58M 64s
 24100K .......... .......... .......... .......... .......... 39%  789K 64s
 24150K .......... .......... .......... .......... .......... 39% 1.87M 64s
 24200K .......... .......... .......... .......... .......... 39%  223K 64s
 24250K .......... .......... .......... .......... .......... 39% 2.08M 64s
 24300K .......... .......... .......... .......... .......... 39%  812K 63s
 24350K .......... .......... .......... .......... .......... 39% 1.96M 63s
 24400K .......... .......... .......... .......... .......... 39% 2.01M 63s
 24450K .......... .......... .......... .......... .......... 39%  266K 63s
 24500K .......... .......... .......... .......... .......... 39% 1.94M 63s
 24550K .......... .......... .......... .......... .......... 39%  457K 63s
 24600K .......... .......... .......... .......... .......... 39% 2.05M 63s
 24650K .......... .......... .......... .......... .......... 40%  233K 63s
 24700K .......... .......... .......... .......... .......... 40% 1.90M 63s
 24750K .......... .......... .......... .......... .......... 40% 1.79M 62s
 24800K .......... .......... .......... .......... .......... 40%  352K 62s
 24850K .......... .......... .......... .......... .......... 40% 1.60M 62s
 24900K .......... .......... .......... .......... .......... 40%  365K 62s
 24950K .......... .......... .......... .......... .......... 40% 1.69M 62s
 25000K .......... .......... .......... .......... .......... 40% 1.28M 62s
 25050K .......... .......... .......... .......... .......... 40%  397K 62s
 25100K .......... .......... .......... .......... .......... 40% 1.65M 62s
 25150K .......... .......... .......... .......... .......... 40%  482K 62s
 25200K .......... .......... .......... .......... .......... 40% 1.81M 62s
 25250K .......... .......... .......... .......... .......... 40%  326K 62s
 25300K .......... .......... .......... .......... .......... 41% 1.54M 61s
 25350K .......... .......... .......... .......... .......... 41% 1.56M 61s
 25400K .......... .......... .......... .......... .......... 41%  442K 61s
 25450K .......... .......... .......... .......... .......... 41% 2.04M 61s
 25500K .......... .......... .......... .......... .......... 41% 1.77M 61s
 25550K .......... .......... .......... .......... .......... 41%  309K 61s
 25600K .......... .......... .......... .......... .......... 41% 1.66M 61s
 25650K .......... .......... .......... .......... .......... 41%  607K 61s
 25700K .......... .......... .......... .......... .......... 41% 1.55M 61s
 25750K .......... .......... .......... .......... .......... 41%  305K 61s
 25800K .......... .......... .......... .......... .......... 41% 1.56M 60s
 25850K .......... .......... .......... .......... .......... 41% 1.53M 60s
 25900K .......... .......... .......... .......... .......... 42%  522K 60s
 25950K .......... .......... .......... .......... .......... 42% 1.69M 60s
 26000K .......... .......... .......... .......... .......... 42%  237K 60s
 26050K .......... .......... .......... .......... .......... 42% 1.36M 60s
 26100K .......... .......... .......... .......... .......... 42%  456K 60s
 26150K .......... .......... .......... .......... .......... 42% 1.54M 60s
 26200K .......... .......... .......... .......... .......... 42%  328K 60s
 26250K .......... .......... .......... .......... .......... 42% 1.37M 60s
 26300K .......... .......... .......... .......... .......... 42% 2.03M 59s
 26350K .......... .......... .......... .......... .......... 42%  280K 59s
 26400K .......... .......... .......... .......... .......... 42% 2.22M 59s
 26450K .......... .......... .......... .......... .......... 42%  413K 59s
 26500K .......... .......... .......... .......... .......... 43% 1.29M 59s
 26550K .......... .......... .......... .......... .......... 43% 1.76M 59s
 26600K .......... .......... .......... .......... .......... 43%  276K 59s
 26650K .......... .......... .......... .......... .......... 43% 3.35M 59s
 26700K .......... .......... .......... .......... .......... 43%  391K 59s
 26750K .......... .......... .......... .......... .......... 43% 1.83M 59s
 26800K .......... .......... .......... .......... .......... 43%  315K 59s
 26850K .......... .......... .......... .......... .......... 43% 1.46M 59s
 26900K .......... .......... .......... .......... .......... 43% 1.91M 58s
 26950K .......... .......... .......... .......... .......... 43%  407K 58s
 27000K .......... .......... .......... .......... .......... 43% 1.93M 58s
 27050K .......... .......... .......... .......... .......... 43% 2.02M 58s
 27100K .......... .......... .......... .......... .......... 43% 1.49M 58s
 27150K .......... .......... .......... .......... .......... 44%  330K 58s
 27200K .......... .......... .......... .......... .......... 44% 1.48M 58s
 27250K .......... .......... .......... .......... .......... 44%  419K 58s
 27300K .......... .......... .......... .......... .......... 44% 2.21M 58s
 27350K .......... .......... .......... .......... .......... 44% 1.77M 57s
 27400K .......... .......... .......... .......... .......... 44%  347K 57s
 27450K .......... .......... .......... .......... .......... 44% 2.02M 57s
 27500K .......... .......... .......... .......... .......... 44%  303K 57s
 27550K .......... .......... .......... .......... .......... 44% 3.59M 57s
 27600K .......... .......... .......... .......... .......... 44%  388K 57s
 27650K .......... .......... .......... .......... .......... 44% 2.54M 57s
 27700K .......... .......... .......... .......... .......... 44%  357K 57s
 27750K .......... .......... .......... .......... .......... 45% 2.45M 57s
 27800K .......... .......... .......... .......... .......... 45%  996K 57s
 27850K .......... .......... .......... .......... .......... 45%  411K 57s
 27900K .......... .......... .......... .......... .......... 45% 1.58M 56s
 27950K .......... .......... .......... .......... .......... 45%  297K 56s
 28000K .......... .......... .......... .......... .......... 45% 1.80M 56s
 28050K .......... .......... .......... .......... .......... 45% 2.28M 56s
 28100K .......... .......... .......... .......... .......... 45%  442K 56s
 28150K .......... .......... .......... .......... .......... 45%  654K 56s
 28200K .......... .......... .......... .......... .......... 45% 3.60M 56s
 28250K .......... .......... .......... .......... .......... 45%  488K 56s
 28300K .......... .......... .......... .......... .......... 45% 1.58M 56s
 28350K .......... .......... .......... .......... .......... 46% 1.73M 55s
 28400K .......... .......... .......... .......... .......... 46%  306K 55s
 28450K .......... .......... .......... .......... .......... 46% 1.21M 55s
 28500K .......... .......... .......... .......... .......... 46%  358K 55s
 28550K .......... .......... .......... .......... .......... 46% 1.73M 55s
 28600K .......... .......... .......... .......... .......... 46% 1.29M 55s
 28650K .......... .......... .......... .......... .......... 46%  266K 55s
 28700K .......... .......... .......... .......... .......... 46%  410K 55s
 28750K .......... .......... .......... .......... .......... 46%  694K 55s
 28800K .......... .......... .......... .......... .......... 46%  226K 55s
 28850K .......... .......... .......... .......... .......... 46% 1.48M 55s
 28900K .......... .......... .......... .......... .......... 46%  194K 55s
 28950K .......... .......... .......... .......... .......... 46% 1.05M 55s
 29000K .......... .......... .......... .......... .......... 47%  819K 55s
 29050K .......... .......... .......... .......... .......... 47%  319K 55s
 29100K .......... .......... .......... .......... .......... 47%  892K 55s
 29150K .......... .......... .......... .......... .......... 47%  120K 55s
 29200K .......... .......... .......... .......... .......... 47% 1.37M 55s
 29250K .......... .......... .......... .......... .......... 47% 1.33M 55s
 29300K .......... .......... .......... .......... .......... 47% 1.55M 54s
 29350K .......... .......... .......... .......... .......... 47%  208K 55s
 29400K .......... .......... .......... .......... .......... 47% 1.20M 54s
 29450K .......... .......... .......... .......... .......... 47% 1.97M 54s
 29500K .......... .......... .......... .......... .......... 47% 1.61M 54s
 29550K .......... .......... .......... .......... .......... 47% 1.50M 54s
 29600K .......... .......... .......... .......... .......... 48%  179K 54s
 29650K .......... .......... .......... .......... .......... 48% 2.91M 54s
 29700K .......... .......... .......... .......... .......... 48% 1.57M 54s
 29750K .......... .......... .......... .......... .......... 48% 1.39M 54s
 29800K .......... .......... .......... .......... .......... 48% 2.16M 54s
 29850K .......... .......... .......... .......... .......... 48%  199K 54s
 29900K .......... .......... .......... .......... .......... 48% 1.37M 53s
 29950K .......... .......... .......... .......... .......... 48% 1.13M 53s
 30000K .......... .......... .......... .......... .......... 48% 2.75M 53s
 30050K .......... .......... .......... .......... .......... 48% 1.55M 53s
 30100K .......... .......... .......... .......... .......... 48%  202K 53s
 30150K .......... .......... .......... .......... .......... 48% 2.04M 53s
 30200K .......... .......... .......... .......... .......... 49% 1.44M 53s
 30250K .......... .......... .......... .......... .......... 49% 1.85M 53s
 30300K .......... .......... .......... .......... .......... 49% 1.51M 53s
 30350K .......... .......... .......... .......... .......... 49% 1.71M 52s
 30400K .......... .......... .......... .......... .......... 49%  201K 53s
 30450K .......... .......... .......... .......... .......... 49% 3.16M 52s
 30500K .......... .......... .......... .......... .......... 49% 1.80M 52s
 30550K .......... .......... .......... .......... .......... 49% 1.75M 52s
 30600K .......... .......... .......... .......... .......... 49%  201K 52s
 30650K .......... .......... .......... .......... .......... 49% 2.61M 52s
 30700K .......... .......... .......... .......... .......... 49% 1.98M 52s
 30750K .......... .......... .......... .......... .......... 49% 1.98M 52s
 30800K .......... .......... .......... .......... .......... 49% 1.66M 52s
 30850K .......... .......... .......... .......... .......... 50%  241K 52s
 30900K .......... .......... .......... .......... .......... 50% 2.35M 51s
 30950K .......... .......... .......... .......... .......... 50% 2.72M 51s
 31000K .......... .......... .......... .......... .......... 50%  978K 51s
 31050K .......... .......... .......... .......... .......... 50% 2.29M 51s
 31100K .......... .......... .......... .......... .......... 50%  212K 51s
 31150K .......... .......... .......... .......... .......... 50% 2.05M 51s
 31200K .......... .......... .......... .......... .......... 50%  960K 51s
 31250K .......... .......... .......... .......... .......... 50% 1.76M 51s
 31300K .......... .......... .......... .......... .......... 50% 1.71M 51s
 31350K .......... .......... .......... .......... .......... 50%  254K 51s
 31400K .......... .......... .......... .......... .......... 50% 1.17M 51s
 31450K .......... .......... .......... .......... .......... 51%  754K 50s
 31500K .......... .......... .......... .......... .......... 51% 1.67M 50s
 31550K .......... .......... .......... .......... .......... 51%  172K 50s
 31600K .......... .......... .......... .......... .......... 51% 2.22M 50s
 31650K .......... .......... .......... .......... .......... 51% 7.96M 50s
 31700K .......... .......... .......... .......... .......... 51% 10.7M 50s
 31750K .......... .......... .......... .......... .......... 51% 1.49M 50s
 31800K .......... .......... .......... .......... .......... 51% 1.87M 50s
 31850K .......... .......... .......... .......... .......... 51%  233K 50s
 31900K .......... .......... .......... .......... .......... 51% 1.39M 50s
 31950K .......... .......... .......... .......... .......... 51% 1.62M 49s
 32000K .......... .......... .......... .......... .......... 51% 1.81M 49s
 32050K .......... .......... .......... .......... .......... 52%  210K 49s
 32100K .......... .......... .......... .......... .......... 52% 1.28M 49s
 32150K .......... .......... .......... .......... .......... 52% 1.20M 49s
 32200K .......... .......... .......... .......... .......... 52% 1.20M 49s
 32250K .......... .......... .......... .......... .......... 52% 1.68M 49s
 32300K .......... .......... .......... .......... .......... 52% 1.90M 49s
 32350K .......... .......... .......... .......... .......... 52%  172K 49s
 32400K .......... .......... .......... .......... .......... 52% 3.33M 49s
 32450K .......... .......... .......... .......... .......... 52% 1.11M 49s
 32500K .......... .......... .......... .......... .......... 52% 1.48M 48s
 32550K .......... .......... .......... .......... .......... 52%  228K 48s
 32600K .......... .......... .......... .......... .......... 52% 1.21M 48s
 32650K .......... .......... .......... .......... .......... 52% 2.13M 48s
 32700K .......... .......... .......... .......... .......... 53% 1.02M 48s
 32750K .......... .......... .......... .......... .......... 53% 2.04M 48s
 32800K .......... .......... .......... .......... .......... 53%  368K 48s
 32850K .......... .......... .......... .......... .......... 53% 2.39M 48s
 32900K .......... .......... .......... .......... .......... 53%  875K 48s
 32950K .......... .......... .......... .......... .......... 53%  622K 48s
 33000K .......... .......... .......... .......... .......... 53% 2.60M 47s
 33050K .......... .......... .......... .......... .......... 53% 2.05M 47s
 33100K .......... .......... .......... .......... .......... 53%  304K 47s
 33150K .......... .......... .......... .......... .......... 53% 2.41M 47s
 33200K .......... .......... .......... .......... .......... 53% 1.02M 47s
 33250K .......... .......... .......... .......... .......... 53% 2.94M 47s
 33300K .......... .......... .......... .......... .......... 54%  287K 47s
 33350K .......... .......... .......... .......... .......... 54% 2.02M 47s
 33400K .......... .......... .......... .......... .......... 54% 1.63M 47s
 33450K .......... .......... .......... .......... .......... 54%  628K 47s
 33500K .......... .......... .......... .......... .......... 54% 1.53M 46s
 33550K .......... .......... .......... .......... .......... 54%  291K 46s
 33600K .......... .......... .......... .......... .......... 54% 1.83M 46s
 33650K .......... .......... .......... .......... .......... 54% 1.80M 46s
 33700K .......... .......... .......... .......... .......... 54%  461K 46s
 33750K .......... .......... .......... .......... .......... 54% 1.84M 46s
 33800K .......... .......... .......... .......... .......... 54%  255K 46s
 33850K .......... .......... .......... .......... .......... 54% 2.38M 46s
 33900K .......... .......... .......... .......... .......... 54% 1.04M 46s
 33950K .......... .......... .......... .......... .......... 55% 1.10M 46s
 34000K .......... .......... .......... .......... .......... 55% 1.21M 46s
 34050K .......... .......... .......... .......... .......... 55%  233K 46s
 34100K .......... .......... .......... .......... .......... 55% 1.49M 45s
 34150K .......... .......... .......... .......... .......... 55% 1.94M 45s
 34200K .......... .......... .......... .......... .......... 55% 1.74M 45s
 34250K .......... .......... .......... .......... .......... 55%  211K 45s
 34300K .......... .......... .......... .......... .......... 55% 1.99M 45s
 34350K .......... .......... .......... .......... .......... 55% 2.10M 45s
 34400K .......... .......... .......... .......... .......... 55% 1.02M 45s
 34450K .......... .......... .......... .......... .......... 55% 3.43M 45s
 34500K .......... .......... .......... .......... .......... 55% 2.22M 45s
 34550K .......... .......... .......... .......... .......... 56%  233K 45s
 34600K .......... .......... .......... .......... .......... 56% 3.03M 45s
 34650K .......... .......... .......... .......... .......... 56%  801K 44s
 34700K .......... .......... .......... .......... .......... 56% 2.66M 44s
 34750K .......... .......... .......... .......... .......... 56% 1.86M 44s
 34800K .......... .......... .......... .......... .......... 56%  257K 44s
 34850K .......... .......... .......... .......... .......... 56% 2.85M 44s
 34900K .......... .......... .......... .......... .......... 56% 2.31M 44s
 34950K .......... .......... .......... .......... .......... 56%  494K 44s
 35000K .......... .......... .......... .......... .......... 56% 2.12M 44s
 35050K .......... .......... .......... .......... .......... 56%  277K 44s
 35100K .......... .......... .......... .......... .......... 56% 2.29M 44s
 35150K .......... .......... .......... .......... .......... 57% 1.39M 43s
 35200K .......... .......... .......... .......... .......... 57%  820K 43s
 35250K .......... .......... .......... .......... .......... 57% 1.95M 43s
 35300K .......... .......... .......... .......... .......... 57%  184K 43s
 35350K .......... .......... .......... .......... .......... 57% 2.32M 43s
 35400K .......... .......... .......... .......... .......... 57% 1.56M 43s
 35450K .......... .......... .......... .......... .......... 57% 1.02M 43s
 35500K .......... .......... .......... .......... .......... 57% 1.61M 43s
 35550K .......... .......... .......... .......... .......... 57%  223K 43s
 35600K .......... .......... .......... .......... .......... 57% 1.89M 43s
 35650K .......... .......... .......... .......... .......... 57% 1.55M 43s
 35700K .......... .......... .......... .......... .......... 57% 1.08M 42s
 35750K .......... .......... .......... .......... .......... 57% 1.69M 42s
 35800K .......... .......... .......... .......... .......... 58%  216K 42s
 35850K .......... .......... .......... .......... .......... 58% 2.28M 42s
 35900K .......... .......... .......... .......... .......... 58% 2.07M 42s
 35950K .......... .......... .......... .......... .......... 58% 1.39M 42s
 36000K .......... .......... .......... .......... .......... 58% 1.81M 42s
 36050K .......... .......... .......... .......... .......... 58%  212K 42s
 36100K .......... .......... .......... .......... .......... 58% 1.65M 42s
 36150K .......... .......... .......... .......... .......... 58% 1.59M 42s
 36200K .......... .......... .......... .......... .......... 58% 1.51M 42s
 36250K .......... .......... .......... .......... .......... 58% 2.41M 41s
 36300K .......... .......... .......... .......... .......... 58%  234K 41s
 36350K .......... .......... .......... .......... .......... 58% 2.98M 41s
 36400K .......... .......... .......... .......... .......... 59% 1.18M 41s
 36450K .......... .......... .......... .......... .......... 59% 1.41M 41s
 36500K .......... .......... .......... .......... .......... 59% 2.31M 41s
 36550K .......... .......... .......... .......... .......... 59%  249K 41s
 36600K .......... .......... .......... .......... .......... 59% 2.10M 41s
 36650K .......... .......... .......... .......... .......... 59% 2.44M 41s
 36700K .......... .......... .......... .......... .......... 59%  356K 41s
 36750K .......... .......... .......... .......... .......... 59%  145K 41s
 36800K .......... .......... .......... .......... .......... 59% 1.39M 41s
 36850K .......... .......... .......... .......... .......... 59% 1.37M 41s
 36900K .......... .......... .......... .......... .......... 59%  448K 41s
 36950K .......... .......... .......... .......... .......... 59%  830K 40s
 37000K .......... .......... .......... .......... .......... 60%  200K 40s
 37050K .......... .......... .......... .......... .......... 60% 1.14M 40s
 37100K .......... .......... .......... .......... .......... 60%  736K 40s
 37150K .......... .......... .......... .......... .......... 60% 1.40M 40s
 37200K .......... .......... .......... .......... .......... 60% 1.11M 40s
 37250K .......... .......... .......... .......... .......... 60%  281K 40s
 37300K .......... .......... .......... .......... .......... 60% 1.80M 40s
 37350K .......... .......... .......... .......... .......... 60%  395K 40s
 37400K .......... .......... .......... .......... .......... 60% 1.54M 40s
 37450K .......... .......... .......... .......... .......... 60%  270K 40s
 37500K .......... .......... .......... .......... .......... 60% 2.29M 40s
 37550K .......... .......... .......... .......... .......... 60% 1.58M 39s
 37600K .......... .......... .......... .......... .......... 60% 1.04M 39s
 37650K .......... .......... .......... .......... .......... 61% 1.26M 39s
 37700K .......... .......... .......... .......... .......... 61%  180K 39s
 37750K .......... .......... .......... .......... .......... 61% 2.21M 39s
 37800K .......... .......... .......... .......... .......... 61% 1.68M 39s
 37850K .......... .......... .......... .......... .......... 61%  815K 39s
 37900K .......... .......... .......... .......... .......... 61% 1.64M 39s
 37950K .......... .......... .......... .......... .......... 61%  206K 39s
 38000K .......... .......... .......... .......... .......... 61% 1.45M 39s
 38050K .......... .......... .......... .......... .......... 61% 1.77M 39s
 38100K .......... .......... .......... .......... .......... 61%  698K 39s
 38150K .......... .......... .......... .......... .......... 61% 1.56M 38s
 38200K .......... .......... .......... .......... .......... 61%  228K 38s
 38250K .......... .......... .......... .......... .......... 62% 2.26M 38s
 38300K .......... .......... .......... .......... .......... 62%  711K 38s
 38350K .......... .......... .......... .......... .......... 62% 1.50M 38s
 38400K .......... .......... .......... .......... .......... 62% 1.26M 38s
 38450K .......... .......... .......... .......... .......... 62%  252K 38s
 38500K .......... .......... .......... .......... .......... 62% 1.56M 38s
 38550K .......... .......... .......... .......... .......... 62%  668K 38s
 38600K .......... .......... .......... .......... .......... 62% 1.62M 38s
 38650K .......... .......... .......... .......... .......... 62%  278K 38s
 38700K .......... .......... .......... .......... .......... 62% 1.56M 38s
 38750K .......... .......... .......... .......... .......... 62% 2.05M 37s
 38800K .......... .......... .......... .......... .......... 62%  428K 37s
 38850K .......... .......... .......... .......... .......... 63% 1.76M 37s
 38900K .......... .......... .......... .......... .......... 63%  290K 37s
 38950K .......... .......... .......... .......... .......... 63% 1.50M 37s
 39000K .......... .......... .......... .......... .......... 63% 1.40M 37s
 39050K .......... .......... .......... .......... .......... 63%  543K 37s
 39100K .......... .......... .......... .......... .......... 63% 1.08M 37s
 39150K .......... .......... .......... .......... .......... 63%  251K 37s
 39200K .......... .......... .......... .......... .......... 63% 1.37M 37s
 39250K .......... .......... .......... .......... .......... 63%  500K 37s
 39300K .......... .......... .......... .......... .......... 63% 1.48M 37s
 39350K .......... .......... .......... .......... .......... 63% 1.58M 36s
 39400K .......... .......... .......... .......... .......... 63%  216K 36s
 39450K .......... .......... .......... .......... .......... 63% 1.88M 36s
 39500K .......... .......... .......... .......... .......... 64%  851K 36s
 39550K .......... .......... .......... .......... .......... 64% 1.71M 36s
 39600K .......... .......... .......... .......... .......... 64% 1.35M 36s
 39650K .......... .......... .......... .......... .......... 64%  228K 36s
 39700K .......... .......... .......... .......... .......... 64% 1.52M 36s
 39750K .......... .......... .......... .......... .......... 64% 1.23M 36s
 39800K .......... .......... .......... .......... .......... 64% 1.28M 36s
 39850K .......... .......... .......... .......... .......... 64% 2.23M 36s
 39900K .......... .......... .......... .......... .......... 64%  156K 36s
 39950K .......... .......... .......... .......... .......... 64% 1.18M 36s
 40000K .......... .......... .......... .......... .......... 64% 1.47M 35s
 40050K .......... .......... .......... .......... .......... 64% 1.15M 35s
 40100K .......... .......... .......... .......... .......... 65% 1.31M 35s
 40150K .......... .......... .......... .......... .......... 65%  135K 35s
 40200K .......... .......... .......... .......... .......... 65% 1.51M 35s
 40250K .......... .......... .......... .......... .......... 65% 1.23M 35s
 40300K .......... .......... .......... .......... .......... 65% 1.68M 35s
 40350K .......... .......... .......... .......... .......... 65%  178K 35s
 40400K .......... .......... .......... .......... .......... 65% 1.52M 35s
 40450K .......... .......... .......... .......... .......... 65% 1.57M 35s
 40500K .......... .......... .......... .......... .......... 65% 1.32M 35s
 40550K .......... .......... .......... .......... .......... 65% 1.06M 35s
 40600K .......... .......... .......... .......... .......... 65%  151K 35s
 40650K .......... .......... .......... .......... .......... 65% 1.23M 35s
 40700K .......... .......... .......... .......... .......... 66% 1.20M 34s
 40750K .......... .......... .......... .......... .......... 66% 1.15M 34s
 40800K .......... .......... .......... .......... .......... 66% 1.40M 34s
 40850K .......... .......... .......... .......... .......... 66%  168K 34s
 40900K .......... .......... .......... .......... .......... 66% 1.90M 34s
 40950K .......... .......... .......... .......... .......... 66%  952K 34s
 41000K .......... .......... .......... .......... .......... 66% 2.09M 34s
 41050K .......... .......... .......... .......... .......... 66%  158K 34s
 41100K .......... .......... .......... .......... .......... 66% 1.04M 34s
 41150K .......... .......... .......... .......... .......... 66% 1.14M 34s
 41200K .......... .......... .......... .......... .......... 66%  853K 34s
 41250K .......... .......... .......... .......... .......... 66% 1.19M 34s
 41300K .......... .......... .......... .......... .......... 66%  172K 34s
 41350K .......... .......... .......... .......... .......... 67% 1.02M 33s
 41400K .......... .......... .......... .......... .......... 67%  839K 33s
 41450K .......... .......... .......... .......... .......... 67% 1.36M 33s
 41500K .......... .......... .......... .......... .......... 67% 1.03M 33s
 41550K .......... .......... .......... .......... .......... 67%  136K 33s
 41600K .......... .......... .......... .......... .......... 67% 3.41M 33s
 41650K .......... .......... .......... .......... .......... 67%  410K 33s
 41700K .......... .......... .......... .......... .......... 67% 1.79M 33s
 41750K .......... .......... .......... .......... .......... 67%  154K 33s
 41800K .......... .......... .......... .......... .......... 67% 1.30M 33s
 41850K .......... .......... .......... .......... .......... 67% 1.57M 33s
 41900K .......... .......... .......... .......... .......... 67%  595K 33s
 41950K .......... .......... .......... .......... .......... 68% 1009K 33s
 42000K .......... .......... .......... .......... .......... 68%  228K 33s
 42050K .......... .......... .......... .......... .......... 68% 1.15M 32s
 42100K .......... .......... .......... .......... .......... 68% 1.35M 32s
 42150K .......... .......... .......... .......... .......... 68% 1.36M 32s
 42200K .......... .......... .......... .......... .......... 68% 1.65M 32s
 42250K .......... .......... .......... .......... .......... 68%  174K 32s
 42300K .......... .......... .......... .......... .......... 68% 2.10M 32s
 42350K .......... .......... .......... .......... .......... 68%  784K 32s
 42400K .......... .......... .......... .......... .......... 68% 1.66M 32s
 42450K .......... .......... .......... .......... .......... 68%  275K 32s
 42500K .......... .......... .......... .......... .......... 68% 1.01M 32s
 42550K .......... .......... .......... .......... .......... 69% 1.19M 32s
 42600K .......... .......... .......... .......... .......... 69%  574K 32s
 42650K .......... .......... .......... .......... .......... 69% 1.53M 31s
 42700K .......... .......... .......... .......... .......... 69%  248K 31s
 42750K .......... .......... .......... .......... .......... 69% 1.35M 31s
 42800K .......... .......... .......... .......... .......... 69% 1.30M 31s
 42850K .......... .......... .......... .......... .......... 69%  412K 31s
 42900K .......... .......... .......... .......... .......... 69% 2.40M 31s
 42950K .......... .......... .......... .......... .......... 69%  243K 31s
 43000K .......... .......... .......... .......... .......... 69% 1.41M 31s
 43050K .......... .......... .......... .......... .......... 69% 1.17M 31s
 43100K .......... .......... .......... .......... .......... 69%  152K 31s
 43150K .......... .......... .......... .......... .......... 69%  593K 31s
 43200K .......... .......... .......... .......... .......... 70%  159K 31s
 43250K .......... .......... .......... .......... .......... 70%  680K 31s
 43300K .......... .......... .......... .......... .......... 70%  164K 31s
 43350K .......... .......... .......... .......... .......... 70% 1.31M 31s
 43400K .......... .......... .......... .......... .......... 70%  201K 31s
 43450K .......... .......... .......... .......... .......... 70%  870K 30s
 43500K .......... .......... .......... .......... .......... 70% 1.09M 30s
 43550K .......... .......... .......... .......... .......... 70%  298K 30s
 43600K .......... .......... .......... .......... .......... 70% 1.62M 30s
 43650K .......... .......... .......... .......... .......... 70%  303K 30s
 43700K .......... .......... .......... .......... .......... 70% 1.30M 30s
 43750K .......... .......... .......... .......... .......... 70%  312K 30s
 43800K .......... .......... .......... .......... .......... 71% 1.36M 30s
 43850K .......... .......... .......... .......... .......... 71%  431K 30s
 43900K .......... .......... .......... .......... .......... 71% 1.35M 30s
 43950K .......... .......... .......... .......... .......... 71% 1.55M 30s
 44000K .......... .......... .......... .......... .......... 71%  301K 30s
 44050K .......... .......... .......... .......... .......... 71% 1.84M 29s
 44100K .......... .......... .......... .......... .......... 71%  238K 29s
 44150K .......... .......... .......... .......... .......... 71% 2.79M 29s
 44200K .......... .......... .......... .......... .......... 71%  413K 29s
 44250K .......... .......... .......... .......... .......... 71% 1.49M 29s
 44300K .......... .......... .......... .......... .......... 71% 1.61M 29s
 44350K .......... .......... .......... .......... .......... 71%  273K 29s
 44400K .......... .......... .......... .......... .......... 72% 1.44M 29s
 44450K .......... .......... .......... .......... .......... 72%  299K 29s
 44500K .......... .......... .......... .......... .......... 72% 1.67M 29s
 44550K .......... .......... .......... .......... .......... 72%  284K 29s
 44600K .......... .......... .......... .......... .......... 72% 1.05M 29s
 44650K .......... .......... .......... .......... .......... 72% 1.35M 28s
 44700K .......... .......... .......... .......... .......... 72%  354K 28s
 44750K .......... .......... .......... .......... .......... 72% 1.64M 28s
 44800K .......... .......... .......... .......... .......... 72%  299K 28s
 44850K .......... .......... .......... .......... .......... 72% 1.27M 28s
 44900K .......... .......... .......... .......... .......... 72% 1.11M 28s
 44950K .......... .......... .......... .......... .......... 72%  317K 28s
 45000K .......... .......... .......... .......... .......... 72% 2.74M 28s
 45050K .......... .......... .......... .......... .......... 73%  373K 28s
 45100K .......... .......... .......... .......... .......... 73% 2.08M 28s
 45150K .......... .......... .......... .......... .......... 73%  449K 28s
 45200K .......... .......... .......... .......... .......... 73% 1.96M 28s
 45250K .......... .......... .......... .......... .......... 73% 1.14M 27s
 45300K .......... .......... .......... .......... .......... 73%  458K 27s
 45350K .......... .......... .......... .......... .......... 73% 2.03M 27s
 45400K .......... .......... .......... .......... .......... 73%  307K 27s
 45450K .......... .......... .......... .......... .......... 73% 1.12M 27s
 45500K .......... .......... .......... .......... .......... 73% 2.08M 27s
 45550K .......... .......... .......... .......... .......... 73%  458K 27s
 45600K .......... .......... .......... .......... .......... 73% 2.01M 27s
 45650K .......... .......... .......... .......... .......... 74%  289K 27s
 45700K .......... .......... .......... .......... .......... 74% 1.42M 27s
 45750K .......... .......... .......... .......... .......... 74%  400K 27s
 45800K .......... .......... .......... .......... .......... 74% 1.67M 27s
 45850K .......... .......... .......... .......... .......... 74% 1.59M 26s
 45900K .......... .......... .......... .......... .......... 74%  177K 26s
 45950K .......... .......... .......... .......... .......... 74% 3.84M 26s
 46000K .......... .......... .......... .......... .......... 74% 2.80M 26s
 46050K .......... .......... .......... .......... .......... 74%  420K 26s
 46100K .......... .......... .......... .......... .......... 74% 1.59M 26s
 46150K .......... .......... .......... .......... .......... 74%  429K 26s
 46200K .......... .......... .......... .......... .......... 74% 1.89M 26s
 46250K .......... .......... .......... .......... .......... 75% 1.17M 26s
 46300K .......... .......... .......... .......... .......... 75%  317K 26s
 46350K .......... .......... .......... .......... .......... 75% 1.65M 26s
 46400K .......... .......... .......... .......... .......... 75% 2.19M 25s
 46450K .......... .......... .......... .......... .......... 75%  607K 25s
 46500K .......... .......... .......... .......... .......... 75% 1.87M 25s
 46550K .......... .......... .......... .......... .......... 75% 2.14M 25s
 46600K .......... .......... .......... .......... .......... 75%  318K 25s
 46650K .......... .......... .......... .......... .......... 75% 1.79M 25s
 46700K .......... .......... .......... .......... .......... 75% 2.11M 25s
 46750K .......... .......... .......... .......... .......... 75%  586K 25s
 46800K .......... .......... .......... .......... .......... 75% 1.40M 25s
 46850K .......... .......... .......... .......... .......... 75%  219K 25s
 46900K .......... .......... .......... .......... .......... 76% 1.40M 25s
 46950K .......... .......... .......... .......... .......... 76% 1.91M 25s
 47000K .......... .......... .......... .......... .......... 76% 1.03M 24s
 47050K .......... .......... .......... .......... .......... 76% 1.40M 24s
 47100K .......... .......... .......... .......... .......... 76%  198K 24s
 47150K .......... .......... .......... .......... .......... 76% 1.63M 24s
 47200K .......... .......... .......... .......... .......... 76% 1.50M 24s
 47250K .......... .......... .......... .......... .......... 76% 1.57M 24s
 47300K .......... .......... .......... .......... .......... 76% 1.22M 24s
 47350K .......... .......... .......... .......... .......... 76%  211K 24s
 47400K .......... .......... .......... .......... .......... 76% 1.48M 24s
 47450K .......... .......... .......... .......... .......... 76% 1.28M 24s
 47500K .......... .......... .......... .......... .......... 77% 1.66M 24s
 47550K .......... .......... .......... .......... .......... 77% 2.07M 23s
 47600K .......... .......... .......... .......... .......... 77%  221K 23s
 47650K .......... .......... .......... .......... .......... 77% 2.04M 23s
 47700K .......... .......... .......... .......... .......... 77% 1.17M 23s
 47750K .......... .......... .......... .......... .......... 77% 1.59M 23s
 47800K .......... .......... .......... .......... .......... 77% 1.22M 23s
 47850K .......... .......... .......... .......... .......... 77%  199K 23s
 47900K .......... .......... .......... .......... .......... 77% 1.47M 23s
 47950K .......... .......... .......... .......... .......... 77% 1.36M 23s
 48000K .......... .......... .......... .......... .......... 77% 1.24M 23s
 48050K .......... .......... .......... .......... .......... 77% 2.00M 23s
 48100K .......... .......... .......... .......... .......... 78%  134K 23s
 48150K .......... .......... .......... .......... .......... 78% 1.49M 23s
 48200K .......... .......... .......... .......... .......... 78% 1.03M 22s
 48250K .......... .......... .......... .......... .......... 78% 1.53M 22s
 48300K .......... .......... .......... .......... .......... 78%  892K 22s
 48350K .......... .......... .......... .......... .......... 78%  841K 22s
 48400K .......... .......... .......... .......... .......... 78%  266K 22s
 48450K .......... .......... .......... .......... .......... 78%  863K 22s
 48500K .......... .......... .......... .......... .......... 78% 1.24M 22s
 48550K .......... .......... .......... .......... .......... 78%  637K 22s
 48600K .......... .......... .......... .......... .......... 78% 1.09M 22s
 48650K .......... .......... .......... .......... .......... 78%  171K 22s
 48700K .......... .......... .......... .......... .......... 78% 2.01M 22s
 48750K .......... .......... .......... .......... .......... 79% 1.23M 21s
 48800K .......... .......... .......... .......... .......... 79% 1.22M 21s
 48850K .......... .......... .......... .......... .......... 79%  175K 21s
 48900K .......... .......... .......... .......... .......... 79% 1.53M 21s
 48950K .......... .......... .......... .......... .......... 79% 1.59M 21s
 49000K .......... .......... .......... .......... .......... 79% 1.80M 21s
 49050K .......... .......... .......... .......... .......... 79% 1.67M 21s
 49100K .......... .......... .......... .......... .......... 79% 1.32M 21s
 49150K .......... .......... .......... .......... .......... 79%  167K 21s
 49200K .......... .......... .......... .......... .......... 79% 1.48M 21s
 49250K .......... .......... .......... .......... .......... 79% 1.57M 21s
 49300K .......... .......... .......... .......... .......... 79% 1.55M 21s
 49350K .......... .......... .......... .......... .......... 80% 1.45M 20s
 49400K .......... .......... .......... .......... .......... 80%  179K 20s
 49450K .......... .......... .......... .......... .......... 80% 1.28M 20s
 49500K .......... .......... .......... .......... .......... 80% 2.23M 20s
 49550K .......... .......... .......... .......... .......... 80% 1.26M 20s
 49600K .......... .......... .......... .......... .......... 80% 1.90M 20s
 49650K .......... .......... .......... .......... .......... 80%  169K 20s
 49700K .......... .......... .......... .......... .......... 80% 1.38M 20s
 49750K .......... .......... .......... .......... .......... 80% 1.56M 20s
 49800K .......... .......... .......... .......... .......... 80%  401K 20s
 49850K .......... .......... .......... .......... .......... 80%  504K 20s
 49900K .......... .......... .......... .......... .......... 80%  111K 20s
 49950K .......... .......... .......... .......... .......... 80%  688K 20s
 50000K .......... .......... .......... .......... .......... 81%  574K 20s
 50050K .......... .......... .......... .......... .......... 81%  652K 19s
 50100K .......... .......... .......... .......... .......... 81%  597K 19s
 50150K .......... .......... .......... .......... .......... 81%  119K 19s
 50200K .......... .......... .......... .......... .......... 81% 1.42M 19s
 50250K .......... .......... .......... .......... .......... 81%  706K 19s
 50300K .......... .......... .......... .......... .......... 81%  710K 19s
 50350K .......... .......... .......... .......... .......... 81%  234K 19s
 50400K .......... .......... .......... .......... .......... 81% 1.26M 19s
 50450K .......... .......... .......... .......... .......... 81% 3.15M 19s
 50500K .......... .......... .......... .......... .......... 81% 1.41M 19s
 50550K .......... .......... .......... .......... .......... 81% 2.25M 19s
 50600K .......... .......... .......... .......... .......... 82%  178K 19s
 50650K .......... .......... .......... .......... .......... 82% 1.87M 18s
 50700K .......... .......... .......... .......... .......... 82% 2.35M 18s
 50750K .......... .......... .......... .......... .......... 82% 1.73M 18s
 50800K .......... .......... .......... .......... .......... 82%  236K 18s
 50850K .......... .......... .......... .......... .......... 82% 3.41M 18s
 50900K .......... .......... .......... .......... .......... 82% 1.32M 18s
 50950K .......... .......... .......... .......... .......... 82% 2.36M 18s
 51000K .......... .......... .......... .......... .......... 82% 1.74M 18s
 51050K .......... .......... .......... .......... .......... 82%  195K 18s
 51100K .......... .......... .......... .......... .......... 82% 1.50M 18s
 51150K .......... .......... .......... .......... .......... 82% 1.31M 18s
 51200K .......... .......... .......... .......... .......... 83% 1.25M 18s
 51250K .......... .......... .......... .......... .......... 83% 2.52M 17s
 51300K .......... .......... .......... .......... .......... 83%  216K 17s
 51350K .......... .......... .......... .......... .......... 83% 1.85M 17s
 51400K .......... .......... .......... .......... .......... 83% 1.43M 17s
 51450K .......... .......... .......... .......... .......... 83% 1.80M 17s
 51500K .......... .......... .......... .......... .......... 83% 1.71M 17s
 51550K .......... .......... .......... .......... .......... 83%  149K 17s
 51600K .......... .......... .......... .......... .......... 83% 3.83M 17s
 51650K .......... .......... .......... .......... .......... 83% 4.63M 17s
 51700K .......... .......... .......... .......... .......... 83% 2.89M 17s
 51750K .......... .......... .......... .......... .......... 83%  223K 17s
 51800K .......... .......... .......... .......... .......... 83% 1.17M 17s
 51850K .......... .......... .......... .......... .......... 84% 1.24M 16s
 51900K .......... .......... .......... .......... .......... 84% 1.54M 16s
 51950K .......... .......... .......... .......... .......... 84% 1.65M 16s
 52000K .......... .......... .......... .......... .......... 84% 1.57M 16s
 52050K .......... .......... .......... .......... .......... 84%  981K 16s
 52100K .......... .......... .......... .......... .......... 84%  222K 16s
 52150K .......... .......... .......... .......... .......... 84% 1.52M 16s
 52200K .......... .......... .......... .......... .......... 84% 1.11M 16s
 52250K .......... .......... .......... .......... .......... 84% 1.66M 16s
 52300K .......... .......... .......... .......... .......... 84%  220K 16s
 52350K .......... .......... .......... .......... .......... 84% 1.52M 16s
 52400K .......... .......... .......... .......... .......... 84% 1.79M 15s
 52450K .......... .......... .......... .......... .......... 85% 1.43M 15s
 52500K .......... .......... .......... .......... .......... 85% 2.18M 15s
 52550K .......... .......... .......... .......... .......... 85%  219K 15s
 52600K .......... .......... .......... .......... .......... 85% 1.80M 15s
 52650K .......... .......... .......... .......... .......... 85% 1.55M 15s
 52700K .......... .......... .......... .......... .......... 85% 1.36M 15s
 52750K .......... .......... .......... .......... .......... 85% 1.77M 15s
 52800K .......... .......... .......... .......... .......... 85%  271K 15s
 52850K .......... .......... .......... .......... .......... 85% 4.53M 15s
 52900K .......... .......... .......... .......... .......... 85% 1.89M 15s
 52950K .......... .......... .......... .......... .......... 85% 1.58M 15s
 53000K .......... .......... .......... .......... .......... 85% 1.92M 14s
 53050K .......... .......... .......... .......... .......... 86%  190K 14s
 53100K .......... .......... .......... .......... .......... 86% 1.46M 14s
 53150K .......... .......... .......... .......... .......... 86% 1.16M 14s
 53200K .......... .......... .......... .......... .......... 86% 2.38M 14s
 53250K .......... .......... .......... .......... .......... 86% 1.33M 14s
 53300K .......... .......... .......... .......... .......... 86%  202K 14s
 53350K .......... .......... .......... .......... .......... 86% 1.81M 14s
 53400K .......... .......... .......... .......... .......... 86% 1.18M 14s
 53450K .......... .......... .......... .......... .......... 86% 1.44M 14s
 53500K .......... .......... .......... .......... .......... 86%  206K 14s
 53550K .......... .......... .......... .......... .......... 86% 2.47M 14s
 53600K .......... .......... .......... .......... .......... 86% 1016K 13s
 53650K .......... .......... .......... .......... .......... 86% 2.94M 13s
 53700K .......... .......... .......... .......... .......... 87% 1.80M 13s
 53750K .......... .......... .......... .......... .......... 87%  176K 13s
 53800K .......... .......... .......... .......... .......... 87% 1.71M 13s
 53850K .......... .......... .......... .......... .......... 87% 2.03M 13s
 53900K .......... .......... .......... .......... .......... 87% 1.48M 13s
 53950K .......... .......... .......... .......... .......... 87% 1.41M 13s
 54000K .......... .......... .......... .......... .......... 87% 1.66M 13s
 54050K .......... .......... .......... .......... .......... 87%  185K 13s
 54100K .......... .......... .......... .......... .......... 87% 1.61M 13s
 54150K .......... .......... .......... .......... .......... 87% 2.30M 13s
 54200K .......... .......... .......... .......... .......... 87% 1.37M 12s
 54250K .......... .......... .......... .......... .......... 87% 1.65M 12s
 54300K .......... .......... .......... .......... .......... 88%  213K 12s
 54350K .......... .......... .......... .......... .......... 88% 1.24M 12s
 54400K .......... .......... .......... .......... .......... 88% 1.86M 12s
 54450K .......... .......... .......... .......... .......... 88% 1.40M 12s
 54500K .......... .......... .......... .......... .......... 88% 1.20M 12s
 54550K .......... .......... .......... .......... .......... 88%  195K 12s
 54600K .......... .......... .......... .......... .......... 88% 1.61M 12s
 54650K .......... .......... .......... .......... .......... 88% 2.41M 12s
 54700K .......... .......... .......... .......... .......... 88% 1.35M 12s
 54750K .......... .......... .......... .......... .......... 88% 1.38M 11s
 54800K .......... .......... .......... .......... .......... 88%  146K 11s
 54850K .......... .......... .......... .......... .......... 88% 1.36M 11s
 54900K .......... .......... .......... .......... .......... 89% 1.11M 11s
 54950K .......... .......... .......... .......... .......... 89% 1.31M 11s
 55000K .......... .......... .......... .......... .......... 89% 1.29M 11s
 55050K .......... .......... .......... .......... .......... 89%  154K 11s
 55100K .......... .......... .......... .......... .......... 89% 1.44M 11s
 55150K .......... .......... .......... .......... .......... 89% 1.28M 11s
 55200K .......... .......... .......... .......... .......... 89% 1.13M 11s
 55250K .......... .......... .......... .......... .......... 89% 1.33M 11s
 55300K .......... .......... .......... .......... .......... 89%  169K 11s
 55350K .......... .......... .......... .......... .......... 89% 1.63M 11s
 55400K .......... .......... .......... .......... .......... 89% 1.63M 10s
 55450K .......... .......... .......... .......... .......... 89% 1.66M 10s
 55500K .......... .......... .......... .......... .......... 89% 1.61M 10s
 55550K .......... .......... .......... .......... .......... 90%  159K 10s
 55600K .......... .......... .......... .......... .......... 90% 2.47M 10s
 55650K .......... .......... .......... .......... .......... 90% 1023K 10s
 55700K .......... .......... .......... .......... .......... 90% 2.74M 10s
 55750K .......... .......... .......... .......... .......... 90%  908K 10s
 55800K .......... .......... .......... .......... .......... 90% 1.28M 10s
 55850K .......... .......... .......... .......... .......... 90% 1.47M 10s
 55900K .......... .......... .......... .......... .......... 90%  216K 10s
 55950K .......... .......... .......... .......... .......... 90% 1.37M 10s
 56000K .......... .......... .......... .......... .......... 90%  511K 9s
 56050K .......... .......... .......... .......... .......... 90% 1.26M 9s
 56100K .......... .......... .......... .......... .......... 90% 1.24M 9s
 56150K .......... .......... .......... .......... .......... 91%  974K 9s
 56200K .......... .......... .......... .......... .......... 91%  166K 9s
 56250K .......... .......... .......... .......... .......... 91% 1.15M 9s
 56300K .......... .......... .......... .......... .......... 91% 1.34M 9s
 56350K .......... .......... .......... .......... .......... 91%  943K 9s
 56400K .......... .......... .......... .......... .......... 91% 1.12M 9s
 56450K .......... .......... .......... .......... .......... 91%  156K 9s
 56500K .......... .......... .......... .......... .......... 91% 1.38M 9s
 56550K .......... .......... .......... .......... .......... 91% 1.41M 9s
 56600K .......... .......... .......... .......... .......... 91% 1.47M 8s
 56650K .......... .......... .......... .......... .......... 91% 1.41M 8s
 56700K .......... .......... .......... .......... .......... 91%  164K 8s
 56750K .......... .......... .......... .......... .......... 92% 1.33M 8s
 56800K .......... .......... .......... .......... .......... 92% 1.39M 8s
 56850K .......... .......... .......... .......... .......... 92% 1.50M 8s
 56900K .......... .......... .......... .......... .......... 92% 1.42M 8s
 56950K .......... .......... .......... .......... .......... 92%  207K 8s
 57000K .......... .......... .......... .......... .......... 92% 2.06M 8s
 57050K .......... .......... .......... .......... .......... 92% 1.31M 8s
 57100K .......... .......... .......... .......... .......... 92% 1.50M 8s
 57150K .......... .......... .......... .......... .......... 92% 1.24M 8s
 57200K .......... .......... .......... .......... .......... 92%  181K 7s
 57250K .......... .......... .......... .......... .......... 92%  330K 7s
 57300K .......... .......... .......... .......... .......... 92%  581K 7s
 57350K .......... .......... .......... .......... .......... 92%  641K 7s
 57400K .......... .......... .......... .......... .......... 93%  518K 7s
 57450K .......... .......... .......... .......... .......... 93%  117K 7s
 57500K .......... .......... .......... .......... .......... 93%  725K 7s
 57550K .......... .......... .......... .......... .......... 93% 1.12M 7s
 57600K .......... .......... .......... .......... .......... 93%  882K 7s
 57650K .......... .......... .......... .......... .......... 93%  156K 7s
 57700K .......... .......... .......... .......... .......... 93% 1.73M 7s
 57750K .......... .......... .......... .......... .......... 93% 1.74M 7s
 57800K .......... .......... .......... .......... .......... 93% 1.10M 6s
 57850K .......... .......... .......... .......... .......... 93% 1.96M 6s
 57900K .......... .......... .......... .......... .......... 93%  150K 6s
 57950K .......... .......... .......... .......... .......... 93% 1.12M 6s
 58000K .......... .......... .......... .......... .......... 94% 2.38M 6s
 58050K .......... .......... .......... .......... .......... 94% 1.35M 6s
 58100K .......... .......... .......... .......... .......... 94%  168K 6s
 58150K .......... .......... .......... .......... .......... 94% 2.98M 6s
 58200K .......... .......... .......... .......... .......... 94% 1.33M 6s
 58250K .......... .......... .......... .......... .......... 94% 2.13M 6s
 58300K .......... .......... .......... .......... .......... 94% 1.78M 6s
 58350K .......... .......... .......... .......... .......... 94%  198K 6s
 58400K .......... .......... .......... .......... .......... 94% 1.20M 5s
 58450K .......... .......... .......... .......... .......... 94% 1.60M 5s
 58500K .......... .......... .......... .......... .......... 94% 1.90M 5s
 58550K .......... .......... .......... .......... .......... 94% 1.39M 5s
 58600K .......... .......... .......... .......... .......... 95% 2.07M 5s
 58650K .......... .......... .......... .......... .......... 95%  171K 5s
 58700K .......... .......... .......... .......... .......... 95% 1.71M 5s
 58750K .......... .......... .......... .......... .......... 95% 1.71M 5s
 58800K .......... .......... .......... .......... .......... 95% 1.34M 5s
 58850K .......... .......... .......... .......... .......... 95% 1.55M 5s
 58900K .......... .......... .......... .......... .......... 95%  202K 5s
 58950K .......... .......... .......... .......... .......... 95% 1.61M 5s
 59000K .......... .......... .......... .......... .......... 95% 1.38M 4s
 59050K .......... .......... .......... .......... .......... 95% 1.32M 4s
 59100K .......... .......... .......... .......... .......... 95%  177K 4s
 59150K .......... .......... .......... .......... .......... 95% 1.79M 4s
 59200K .......... .......... .......... .......... .......... 95% 1.55M 4s
 59250K .......... .......... .......... .......... .......... 96% 1.52M 4s
 59300K .......... .......... .......... .......... .......... 96% 1.11M 4s
 59350K .......... .......... .......... .......... .......... 96% 2.04M 4s
 59400K .......... .......... .......... .......... .......... 96%  163K 4s
 59450K .......... .......... .......... .......... .......... 96% 1.27M 4s
 59500K .......... .......... .......... .......... .......... 96%  640K 4s
 59550K .......... .......... .......... .......... .......... 96% 1.80M 4s
 59600K .......... .......... .......... .......... .......... 96% 2.53M 3s
 59650K .......... .......... .......... .......... .......... 96% 1.80M 3s
 59700K .......... .......... .......... .......... .......... 96%  386K 3s
 59750K .......... .......... .......... .......... .......... 96% 1.57M 3s
 59800K .......... .......... .......... .......... .......... 96%  739K 3s
 59850K .......... .......... .......... .......... .......... 97% 1.58M 3s
 59900K .......... .......... .......... .......... .......... 97% 1.64M 3s
 59950K .......... .......... .......... .......... .......... 97% 1.56M 3s
 60000K .......... .......... .......... .......... .......... 97%  259K 3s
 60050K .......... .......... .......... .......... .......... 97% 1.35M 3s
 60100K .......... .......... .......... .......... .......... 97%  647K 3s
 60150K .......... .......... .......... .......... .......... 97% 1.51M 3s
 60200K .......... .......... .......... .......... .......... 97%  218K 2s
 60250K .......... .......... .......... .......... .......... 97% 1.35M 2s
 60300K .......... .......... .......... .......... .......... 97%  592K 2s
 60350K .......... .......... .......... .......... .......... 97% 1.53M 2s
 60400K .......... .......... .......... .......... .......... 97% 1.26M 2s
 60450K .......... .......... .......... .......... .......... 98%  157K 2s
 60500K .......... .......... .......... .......... .......... 98% 4.94M 2s
 60550K .......... .......... .......... .......... .......... 98% 23.8M 2s
 60600K .......... .......... .......... .......... .......... 98% 2.68M 2s
 60650K .......... .......... .......... .......... .......... 98%  231K 2s
 60700K .......... .......... .......... .......... .......... 98% 1.71M 2s
 60750K .......... .......... .......... .......... .......... 98% 1.22M 2s
 60800K .......... .......... .......... .......... .......... 98%  656K 1s
 60850K .......... .......... .......... .......... .......... 98%  430K 1s
 60900K .......... .......... .......... .......... .......... 98% 3.09M 1s
 60950K .......... .......... .......... .......... .......... 98%  252K 1s
 61000K .......... .......... .......... .......... .......... 98% 1.40M 1s
 61050K .......... .......... .......... .......... .......... 98% 1.19M 1s
 61100K .......... .......... .......... .......... .......... 99% 1.59M 1s
 61150K .......... .......... .......... .......... .......... 99%  201K 1s
 61200K .......... .......... .......... .......... .......... 99% 1.52M 1s
 61250K .......... .......... .......... .......... .......... 99% 1.56M 1s
 61300K .......... .......... .......... .......... .......... 99% 1.17M 1s
 61350K .......... .......... .......... .......... .......... 99% 1.42M 1s
 61400K .......... .......... .......... .......... .......... 99%  189K 0s
 61450K .......... .......... .......... .......... .......... 99% 1.59M 0s
 61500K .......... .......... .......... .......... .......... 99% 1.55M 0s
 61550K .......... .......... .......... .......... .......... 99% 1.08M 0s
 61600K .......... .......... .......... .......... .......... 99% 1.77M 0s
 61650K .......... .......... .......... .......... .......... 99% 1.19M 0s
 61700K .......... .......... .........                       100% 96.5K=1m43s

2015-05-29 00:00:23 (599 KB/s) - ‘PowerPointViewer.exe’ saved [63210976/63210976]

+ cabextract -L -F ppviewer.cab PowerPointViewer.exe
+ cabextract ppviewer.cab
ppviewer.cab: WARNING; possible 5968 extra bytes at end of file.
+ mkdir -p /home/vagrant/.fonts
+ cp CONSOLA.TTF CONSOLAB.TTF CONSOLAI.TTF CONSOLAZ.TTF /home/vagrant/.fonts/
+ cd ../
+ rm -r powerpointviewertmp/
