# Desktop Environments =========================================================
xfce4

# Command Line Utilities =======================================================
gksu
htop
nano
ppa-purge
realpath
screen
tmux
vim
w3m
whois

# Multimedia ===================================================================
ubuntu-restricted-extras

# Internet =====================================================================
deluge-gtk

# Runtimes =====================================================================
openjdk-7-jre

# Services =====================================================================
lamp-server^
openssh-server
rdesktop

# Utilities ====================================================================
p7zip-full
unzip
