# Cinnamon Desktop
ppa:tsvetko.tsvetkov/cinnamon

# Regularly updated Git
ppa:git-core/ppa

# Atom text editor
ppa:webupd8team/atom

# Brackets text editor
ppa:webupd8team/brackets

# Sublime Text 2 text editor
ppa:webupd8team/sublime-text-2

# Android Studio
ppa:paolorotolo/android-studio 

# Zeal offline documentation browser
ppa:zeal-developers/ppa

# Regularly updated LAMP packages
ppa:ondrej/php5

# Newer versions of Remmina with better compatibility with RDP
ppa:remmina-ppa-team/remmina-next

# Daily builds of KeepassX with KDBX support
ppa:keepassx/daily

# F.lux to dim and tint screens at night
ppa:kilian/f.lux

# GUI to configure the customizable notifyosd
ppa:amandeepgrewal/notifyosdconfig

# Pidgin plugins
ppa:aap/pidgin

# Minecraft Installer
ppa:minecraft-installer-peeps/minecraft-installer

# Numix Theme
ppa:numix/ppa
